<?xml version="1.0" encoding="UTF-8"?>
<!-- Generated by org.testng.reporters.JUnitReportReporter -->
<testsuite hostname="Shifanas-MBP" failures="0" tests="1" name="com.revolutionit.TestScripts.BookFlight_Positive" time="14.538" errors="0" timestamp="14 Oct. 2018 09:15:47 GMT" skipped="0">
  <testcase classname="com.revolutionit.TestScripts.BookFlight_Positive" name="Test_BookFlight_Positive" time="14.538"/>
</testsuite> <!-- com.revolutionit.TestScripts.BookFlight_Positive -->
