<?xml version="1.0" encoding="UTF-8"?>
<!-- Generated by org.testng.reporters.JUnitReportReporter -->
<testsuite hostname="Shifanas-MBP" failures="0" tests="1" name="com.revolutionit.TestScripts.BookFlight_Positive" time="43.350" errors="0" timestamp="25 Oct. 2018 00:48:04 GMT" skipped="0">
  <testcase classname="com.revolutionit.TestScripts.BookFlight_Positive" name="Test_BookFlight_Positive" time="43.350"/>
</testsuite> <!-- com.revolutionit.TestScripts.BookFlight_Positive -->
